app/build/intermediates/manifest_merge_blame_file/release/manifest-merger-blame-release-report.txt
1<?xml version="1.0" encoding="utf-8"?>
2<manifest xmlns:android="http://schemas.android.com/apk/res/android"
3    package="com.example.composememoapp"
4    android:versionCode="1"
5    android:versionName="1.0" >
6
7    <uses-sdk
8        android:minSdkVersion="23"
8-->src/main/AndroidManifest.xml
9        android:targetSdkVersion="31" />
9-->src/main/AndroidManifest.xml
10
11    <application
11-->src/main/AndroidManifest.xml:5:5-23:19
12        android:allowBackup="true"
12-->src/main/AndroidManifest.xml:6:9-35
13        android:appComponentFactory="androidx.core.app.CoreComponentFactory"
13-->[androidx.core:core:1.7.0] AndroidManifest.xml:24:18-86
14        android:extractNativeLibs="false"
15        android:icon="@mipmap/ic_launcher"
15-->src/main/AndroidManifest.xml:7:9-43
16        android:label="@string/app_name"
16-->src/main/AndroidManifest.xml:8:9-41
17        android:roundIcon="@mipmap/ic_launcher_round"
17-->src/main/AndroidManifest.xml:9:9-54
18        android:supportsRtl="true"
18-->src/main/AndroidManifest.xml:10:9-35
19        android:theme="@style/Theme.ComposeMemoApp" >
19-->src/main/AndroidManifest.xml:11:9-52
20        <activity
20-->src/main/AndroidManifest.xml:12:9-22:20
21            android:name="com.example.composememoapp.presentation.MainActivity"
21-->src/main/AndroidManifest.xml:13:13-54
22            android:exported="true"
22-->src/main/AndroidManifest.xml:14:13-36
23            android:label="@string/app_name"
23-->src/main/AndroidManifest.xml:15:13-45
24            android:theme="@style/Theme.ComposeMemoApp.NoActionBar" >
24-->src/main/AndroidManifest.xml:16:13-68
25            <intent-filter>
25-->src/main/AndroidManifest.xml:17:13-21:29
26                <action android:name="android.intent.action.MAIN" />
26-->src/main/AndroidManifest.xml:18:17-69
26-->src/main/AndroidManifest.xml:18:25-66
27
28                <category android:name="android.intent.category.LAUNCHER" />
28-->src/main/AndroidManifest.xml:20:17-77
28-->src/main/AndroidManifest.xml:20:27-74
29            </intent-filter>
30        </activity>
31
32        <provider
32-->[androidx.emoji2:emoji2:1.0.0] AndroidManifest.xml:26:9-34:20
33            android:name="androidx.startup.InitializationProvider"
33-->[androidx.emoji2:emoji2:1.0.0] AndroidManifest.xml:27:13-67
34            android:authorities="com.example.composememoapp.androidx-startup"
34-->[androidx.emoji2:emoji2:1.0.0] AndroidManifest.xml:28:13-68
35            android:exported="false" >
35-->[androidx.emoji2:emoji2:1.0.0] AndroidManifest.xml:29:13-37
36            <meta-data
36-->[androidx.emoji2:emoji2:1.0.0] AndroidManifest.xml:31:13-33:52
37                android:name="androidx.emoji2.text.EmojiCompatInitializer"
37-->[androidx.emoji2:emoji2:1.0.0] AndroidManifest.xml:32:17-75
38                android:value="androidx.startup" />
38-->[androidx.emoji2:emoji2:1.0.0] AndroidManifest.xml:33:17-49
39            <meta-data
39-->[androidx.profileinstaller:profileinstaller:1.0.4] AndroidManifest.xml:31:13-33:52
40                android:name="androidx.profileinstaller.ProfileInstallerInitializer"
40-->[androidx.profileinstaller:profileinstaller:1.0.4] AndroidManifest.xml:32:17-85
41                android:value="androidx.startup" />
41-->[androidx.profileinstaller:profileinstaller:1.0.4] AndroidManifest.xml:33:17-49
42            <meta-data
42-->[androidx.lifecycle:lifecycle-process:2.4.0] AndroidManifest.xml:31:13-33:52
43                android:name="androidx.lifecycle.ProcessLifecycleInitializer"
43-->[androidx.lifecycle:lifecycle-process:2.4.0] AndroidManifest.xml:32:17-78
44                android:value="androidx.startup" />
44-->[androidx.lifecycle:lifecycle-process:2.4.0] AndroidManifest.xml:33:17-49
45        </provider>
46
47        <receiver
47-->[androidx.profileinstaller:profileinstaller:1.0.4] AndroidManifest.xml:36:9-45:20
48            android:name="androidx.profileinstaller.ProfileInstallReceiver"
48-->[androidx.profileinstaller:profileinstaller:1.0.4] AndroidManifest.xml:37:13-76
49            android:directBootAware="false"
49-->[androidx.profileinstaller:profileinstaller:1.0.4] AndroidManifest.xml:38:13-44
50            android:enabled="true"
50-->[androidx.profileinstaller:profileinstaller:1.0.4] AndroidManifest.xml:39:13-35
51            android:exported="true"
51-->[androidx.profileinstaller:profileinstaller:1.0.4] AndroidManifest.xml:40:13-36
52            android:permission="android.permission.DUMP" >
52-->[androidx.profileinstaller:profileinstaller:1.0.4] AndroidManifest.xml:41:13-57
53            <intent-filter>
53-->[androidx.profileinstaller:profileinstaller:1.0.4] AndroidManifest.xml:42:13-44:29
54                <action android:name="androidx.profileinstaller.action.INSTALL_PROFILE" />
54-->[androidx.profileinstaller:profileinstaller:1.0.4] AndroidManifest.xml:43:17-91
54-->[androidx.profileinstaller:profileinstaller:1.0.4] AndroidManifest.xml:43:25-88
55            </intent-filter>
56        </receiver>
57    </application>
58
59</manifest>